The target system is: Generic - 1 - 
The host system is: Linux - 5.3.0-29-generic - x86_64
Compiling the C compiler identification source file "CMakeCCompilerId.c" succeeded.
Compiler: /home/sermountain/gcc-arm-none-eabi-5_4-2016q3/bin/arm-none-eabi-gcc 
Build flags: 
Id flags: -c 

The output was:
0


Compilation of the C compiler identification source "CMakeCCompilerId.c" produced "CMakeCCompilerId.o"

The C compiler identification is GNU, found in "/home/sermountain/src/xlgyro/build/CMakeFiles/3.16.4/CompilerIdC/CMakeCCompilerId.o"

Compiling the CXX compiler identification source file "CMakeCXXCompilerId.cpp" succeeded.
Compiler: /home/sermountain/gcc-arm-none-eabi-5_4-2016q3/bin/arm-none-eabi-g++ 
Build flags: 
Id flags: -c 

The output was:
0


Compilation of the CXX compiler identification source "CMakeCXXCompilerId.cpp" produced "CMakeCXXCompilerId.o"

The CXX compiler identification is GNU, found in "/home/sermountain/src/xlgyro/build/CMakeFiles/3.16.4/CompilerIdCXX/CMakeCXXCompilerId.o"

Checking whether the ASM compiler is GNU using "--version" matched "(GNU assembler)|(GCC)|(Free Software Foundation)":
arm-none-eabi-gcc (GNU Tools for ARM Embedded Processors) 5.4.1 20160919 (release) [ARM/embedded-5-branch revision 240496]
Copyright (C) 2015 Free Software Foundation, Inc.
This is free software; see the source for copying conditions.  There is NO
warranty; not even for MERCHANTABILITY or FITNESS FOR A PARTICULAR PURPOSE.

Detecting C compiler ABI info compiled with the following output:
Change Dir: /home/sermountain/src/xlgyro/build/CMakeFiles/CMakeTmp

Run Build Command(s):/usr/bin/make cmTC_6eae6/fast && /usr/bin/make -f CMakeFiles/cmTC_6eae6.dir/build.make CMakeFiles/cmTC_6eae6.dir/build
make[1]: Entering directory '/home/sermountain/src/xlgyro/build/CMakeFiles/CMakeTmp'
Building C object CMakeFiles/cmTC_6eae6.dir/CMakeCCompilerABI.c.obj
/home/sermountain/gcc-arm-none-eabi-5_4-2016q3/bin/arm-none-eabi-gcc   -mcpu=cortex-m4  -mthumb -mthumb-interwork -ffunction-sections -fdata-sections     -g -fno-common -fmessage-length=0  -std=gnu99    -v -o CMakeFiles/cmTC_6eae6.dir/CMakeCCompilerABI.c.obj   -c /snap/cmake/252/share/cmake-3.16/Modules/CMakeCCompilerABI.c
Using built-in specs.
COLLECT_GCC=/home/sermountain/gcc-arm-none-eabi-5_4-2016q3/bin/arm-none-eabi-gcc
Target: arm-none-eabi
Configured with: /home/build/work/GCC-5-build/src/gcc/configure --target=arm-none-eabi --prefix=/home/build/work/GCC-5-build/install-native --libexecdir=/home/build/work/GCC-5-build/install-native/lib --infodir=/home/build/work/GCC-5-build/install-native/share/doc/gcc-arm-none-eabi/info --mandir=/home/build/work/GCC-5-build/install-native/share/doc/gcc-arm-none-eabi/man --htmldir=/home/build/work/GCC-5-build/install-native/share/doc/gcc-arm-none-eabi/html --pdfdir=/home/build/work/GCC-5-build/install-native/share/doc/gcc-arm-none-eabi/pdf --enable-languages=c,c++ --enable-plugins --disable-decimal-float --disable-libffi --disable-libgomp --disable-libmudflap --disable-libquadmath --disable-libssp --disable-libstdcxx-pch --disable-nls --disable-shared --disable-threads --disable-tls --with-gnu-as --with-gnu-ld --with-newlib --with-headers=yes --with-python-dir=share/gcc-arm-none-eabi --with-sysroot=/home/build/work/GCC-5-build/install-native/arm-none-eabi --build=i686-linux-gnu --host=i686-linux-gnu --with-gmp=/home/build/work/GCC-5-build/build-native/host-libs/usr --with-mpfr=/home/build/work/GCC-5-build/build-native/host-libs/usr --with-mpc=/home/build/work/GCC-5-build/build-native/host-libs/usr --with-isl=/home/build/work/GCC-5-build/build-native/host-libs/usr --with-cloog=/home/build/work/GCC-5-build/build-native/host-libs/usr --with-libelf=/home/build/work/GCC-5-build/build-native/host-libs/usr --with-host-libstdcxx='-static-libgcc -Wl,-Bstatic,-lstdc++,-Bdynamic -lm' --with-pkgversion='GNU Tools for ARM Embedded Processors' --with-multilib-list=armv6-m,armv7-m,armv7e-m,armv7-r,armv8-m.base,armv8-m.main
Thread model: single
gcc version 5.4.1 20160919 (release) [ARM/embedded-5-branch revision 240496] (GNU Tools for ARM Embedded Processors) 
COLLECT_GCC_OPTIONS='-mcpu=cortex-m4' '-mthumb' '-mthumb-interwork' '-ffunction-sections' '-fdata-sections' '-g' '-fno-common' '-fmessage-length=0' '-std=gnu99' '-v' '-o' 'CMakeFiles/cmTC_6eae6.dir/CMakeCCompilerABI.c.obj' '-c'
 /home/sermountain/gcc-arm-none-eabi-5_4-2016q3/bin/../lib/gcc/arm-none-eabi/5.4.1/cc1 -quiet -v -imultilib armv7e-m -iprefix /home/sermountain/gcc-arm-none-eabi-5_4-2016q3/bin/../lib/gcc/arm-none-eabi/5.4.1/ -isysroot /home/sermountain/gcc-arm-none-eabi-5_4-2016q3/bin/../arm-none-eabi -D__USES_INITFINI__ /snap/cmake/252/share/cmake-3.16/Modules/CMakeCCompilerABI.c -quiet -dumpbase CMakeCCompilerABI.c -mcpu=cortex-m4 -mthumb -mthumb-interwork -auxbase-strip CMakeFiles/cmTC_6eae6.dir/CMakeCCompilerABI.c.obj -g -std=gnu99 -version -ffunction-sections -fdata-sections -fno-common -fmessage-length=0 -o /tmp/cc2albNP.s
GNU C99 (GNU Tools for ARM Embedded Processors) version 5.4.1 20160919 (release) [ARM/embedded-5-branch revision 240496] (arm-none-eabi)
	compiled by GNU C version 4.7.4, GMP version 4.3.2, MPFR version 2.4.2, MPC version 0.8.1
GGC heuristics: --param ggc-min-expand=100 --param ggc-min-heapsize=131072
ignoring duplicate directory "/home/sermountain/gcc-arm-none-eabi-5_4-2016q3/bin/../lib/gcc/../../lib/gcc/arm-none-eabi/5.4.1/include"
ignoring nonexistent directory "/home/sermountain/gcc-arm-none-eabi-5_4-2016q3/bin/../arm-none-eabi/usr/local/include"
ignoring duplicate directory "/home/sermountain/gcc-arm-none-eabi-5_4-2016q3/bin/../lib/gcc/../../lib/gcc/arm-none-eabi/5.4.1/include-fixed"
ignoring duplicate directory "/home/sermountain/gcc-arm-none-eabi-5_4-2016q3/bin/../lib/gcc/../../lib/gcc/arm-none-eabi/5.4.1/../../../../arm-none-eabi/include"
ignoring nonexistent directory "/home/sermountain/gcc-arm-none-eabi-5_4-2016q3/bin/../arm-none-eabi/usr/include"
#include "..." search starts here:
#include <...> search starts here:
 /home/sermountain/gcc-arm-none-eabi-5_4-2016q3/bin/../lib/gcc/arm-none-eabi/5.4.1/include
 /home/sermountain/gcc-arm-none-eabi-5_4-2016q3/bin/../lib/gcc/arm-none-eabi/5.4.1/include-fixed
 /home/sermountain/gcc-arm-none-eabi-5_4-2016q3/bin/../lib/gcc/arm-none-eabi/5.4.1/../../../../arm-none-eabi/include
End of search list.
GNU C99 (GNU Tools for ARM Embedded Processors) version 5.4.1 20160919 (release) [ARM/embedded-5-branch revision 240496] (arm-none-eabi)
	compiled by GNU C version 4.7.4, GMP version 4.3.2, MPFR version 2.4.2, MPC version 0.8.1
GGC heuristics: --param ggc-min-expand=100 --param ggc-min-heapsize=131072
Compiler executable checksum: e6f57ade56989a528a7c5d2954d683cd
COLLECT_GCC_OPTIONS='-mcpu=cortex-m4' '-mthumb' '-mthumb-interwork' '-ffunction-sections' '-fdata-sections' '-g' '-fno-common' '-fmessage-length=0' '-std=gnu99' '-v' '-o' 'CMakeFiles/cmTC_6eae6.dir/CMakeCCompilerABI.c.obj' '-c'
 /home/sermountain/gcc-arm-none-eabi-5_4-2016q3/bin/../lib/gcc/arm-none-eabi/5.4.1/../../../../arm-none-eabi/bin/as -v -mcpu=cortex-m4 -mthumb-interwork -meabi=5 -o CMakeFiles/cmTC_6eae6.dir/CMakeCCompilerABI.c.obj /tmp/cc2albNP.s
GNU assembler version 2.26.2 (arm-none-eabi) using BFD version (GNU Tools for ARM Embedded Processors) 2.26.2.20160923
COMPILER_PATH=/home/sermountain/gcc-arm-none-eabi-5_4-2016q3/bin/../lib/gcc/arm-none-eabi/5.4.1/:/home/sermountain/gcc-arm-none-eabi-5_4-2016q3/bin/../lib/gcc/:/home/sermountain/gcc-arm-none-eabi-5_4-2016q3/bin/../lib/gcc/arm-none-eabi/5.4.1/../../../../arm-none-eabi/bin/
LIBRARY_PATH=/home/sermountain/gcc-arm-none-eabi-5_4-2016q3/bin/../lib/gcc/arm-none-eabi/5.4.1/armv7e-m/:/home/sermountain/gcc-arm-none-eabi-5_4-2016q3/bin/../lib/gcc/arm-none-eabi/5.4.1/../../../../arm-none-eabi/lib/armv7e-m/:/home/sermountain/gcc-arm-none-eabi-5_4-2016q3/bin/../arm-none-eabi/lib/armv7e-m/:/home/sermountain/gcc-arm-none-eabi-5_4-2016q3/bin/../lib/gcc/arm-none-eabi/5.4.1/:/home/sermountain/gcc-arm-none-eabi-5_4-2016q3/bin/../lib/gcc/:/home/sermountain/gcc-arm-none-eabi-5_4-2016q3/bin/../lib/gcc/arm-none-eabi/5.4.1/../../../../arm-none-eabi/lib/:/home/sermountain/gcc-arm-none-eabi-5_4-2016q3/bin/../arm-none-eabi/lib/
COLLECT_GCC_OPTIONS='-mcpu=cortex-m4' '-mthumb' '-mthumb-interwork' '-ffunction-sections' '-fdata-sections' '-g' '-fno-common' '-fmessage-length=0' '-std=gnu99' '-v' '-o' 'CMakeFiles/cmTC_6eae6.dir/CMakeCCompilerABI.c.obj' '-c'
Linking C static library libcmTC_6eae6.a
/snap/cmake/252/bin/cmake -P CMakeFiles/cmTC_6eae6.dir/cmake_clean_target.cmake
/snap/cmake/252/bin/cmake -E cmake_link_script CMakeFiles/cmTC_6eae6.dir/link.txt --verbose=1
arm-none-eabi-ar qc libcmTC_6eae6.a  CMakeFiles/cmTC_6eae6.dir/CMakeCCompilerABI.c.obj
/home/sermountain/gcc-arm-none-eabi-5_4-2016q3/bin/arm-none-eabi-ranlib libcmTC_6eae6.a
make[1]: Leaving directory '/home/sermountain/src/xlgyro/build/CMakeFiles/CMakeTmp'



Parsed C implicit include dir info from above output: rv=done
  found start of include info
  found start of implicit include info
    add: [/home/sermountain/gcc-arm-none-eabi-5_4-2016q3/bin/../lib/gcc/arm-none-eabi/5.4.1/include]
    add: [/home/sermountain/gcc-arm-none-eabi-5_4-2016q3/bin/../lib/gcc/arm-none-eabi/5.4.1/include-fixed]
    add: [/home/sermountain/gcc-arm-none-eabi-5_4-2016q3/bin/../lib/gcc/arm-none-eabi/5.4.1/../../../../arm-none-eabi/include]
  end of search list found
  collapse include dir [/home/sermountain/gcc-arm-none-eabi-5_4-2016q3/bin/../lib/gcc/arm-none-eabi/5.4.1/include] ==> [/home/sermountain/gcc-arm-none-eabi-5_4-2016q3/lib/gcc/arm-none-eabi/5.4.1/include]
  collapse include dir [/home/sermountain/gcc-arm-none-eabi-5_4-2016q3/bin/../lib/gcc/arm-none-eabi/5.4.1/include-fixed] ==> [/home/sermountain/gcc-arm-none-eabi-5_4-2016q3/lib/gcc/arm-none-eabi/5.4.1/include-fixed]
  collapse include dir [/home/sermountain/gcc-arm-none-eabi-5_4-2016q3/bin/../lib/gcc/arm-none-eabi/5.4.1/../../../../arm-none-eabi/include] ==> [/home/sermountain/gcc-arm-none-eabi-5_4-2016q3/arm-none-eabi/include]
  implicit include dirs: [/home/sermountain/gcc-arm-none-eabi-5_4-2016q3/lib/gcc/arm-none-eabi/5.4.1/include;/home/sermountain/gcc-arm-none-eabi-5_4-2016q3/lib/gcc/arm-none-eabi/5.4.1/include-fixed;/home/sermountain/gcc-arm-none-eabi-5_4-2016q3/arm-none-eabi/include]


Parsed C implicit link information from above output:
  link line regex: [^( *|.*[/\])(arm-none-eabi-ld|CMAKE_LINK_STARTFILE-NOTFOUND|([^/\]+-)?ld|collect2)[^/\]*( |$)]
  ignore line: [Change Dir: /home/sermountain/src/xlgyro/build/CMakeFiles/CMakeTmp]
  ignore line: []
  ignore line: [Run Build Command(s):/usr/bin/make cmTC_6eae6/fast && /usr/bin/make -f CMakeFiles/cmTC_6eae6.dir/build.make CMakeFiles/cmTC_6eae6.dir/build]
  ignore line: [make[1]: Entering directory '/home/sermountain/src/xlgyro/build/CMakeFiles/CMakeTmp']
  ignore line: [Building C object CMakeFiles/cmTC_6eae6.dir/CMakeCCompilerABI.c.obj]
  ignore line: [/home/sermountain/gcc-arm-none-eabi-5_4-2016q3/bin/arm-none-eabi-gcc   -mcpu=cortex-m4  -mthumb -mthumb-interwork -ffunction-sections -fdata-sections     -g -fno-common -fmessage-length=0  -std=gnu99    -v -o CMakeFiles/cmTC_6eae6.dir/CMakeCCompilerABI.c.obj   -c /snap/cmake/252/share/cmake-3.16/Modules/CMakeCCompilerABI.c]
  ignore line: [Using built-in specs.]
  ignore line: [COLLECT_GCC=/home/sermountain/gcc-arm-none-eabi-5_4-2016q3/bin/arm-none-eabi-gcc]
  ignore line: [Target: arm-none-eabi]
  ignore line: [Configured with: /home/build/work/GCC-5-build/src/gcc/configure --target=arm-none-eabi --prefix=/home/build/work/GCC-5-build/install-native --libexecdir=/home/build/work/GCC-5-build/install-native/lib --infodir=/home/build/work/GCC-5-build/install-native/share/doc/gcc-arm-none-eabi/info --mandir=/home/build/work/GCC-5-build/install-native/share/doc/gcc-arm-none-eabi/man --htmldir=/home/build/work/GCC-5-build/install-native/share/doc/gcc-arm-none-eabi/html --pdfdir=/home/build/work/GCC-5-build/install-native/share/doc/gcc-arm-none-eabi/pdf --enable-languages=c,c++ --enable-plugins --disable-decimal-float --disable-libffi --disable-libgomp --disable-libmudflap --disable-libquadmath --disable-libssp --disable-libstdcxx-pch --disable-nls --disable-shared --disable-threads --disable-tls --with-gnu-as --with-gnu-ld --with-newlib --with-headers=yes --with-python-dir=share/gcc-arm-none-eabi --with-sysroot=/home/build/work/GCC-5-build/install-native/arm-none-eabi --build=i686-linux-gnu --host=i686-linux-gnu --with-gmp=/home/build/work/GCC-5-build/build-native/host-libs/usr --with-mpfr=/home/build/work/GCC-5-build/build-native/host-libs/usr --with-mpc=/home/build/work/GCC-5-build/build-native/host-libs/usr --with-isl=/home/build/work/GCC-5-build/build-native/host-libs/usr --with-cloog=/home/build/work/GCC-5-build/build-native/host-libs/usr --with-libelf=/home/build/work/GCC-5-build/build-native/host-libs/usr --with-host-libstdcxx='-static-libgcc -Wl,-Bstatic,-lstdc++,-Bdynamic -lm' --with-pkgversion='GNU Tools for ARM Embedded Processors' --with-multilib-list=armv6-m,armv7-m,armv7e-m,armv7-r,armv8-m.base,armv8-m.main]
  ignore line: [Thread model: single]
  ignore line: [gcc version 5.4.1 20160919 (release) [ARM/embedded-5-branch revision 240496] (GNU Tools for ARM Embedded Processors) ]
  ignore line: [COLLECT_GCC_OPTIONS='-mcpu=cortex-m4' '-mthumb' '-mthumb-interwork' '-ffunction-sections' '-fdata-sections' '-g' '-fno-common' '-fmessage-length=0' '-std=gnu99' '-v' '-o' 'CMakeFiles/cmTC_6eae6.dir/CMakeCCompilerABI.c.obj' '-c']
  ignore line: [ /home/sermountain/gcc-arm-none-eabi-5_4-2016q3/bin/../lib/gcc/arm-none-eabi/5.4.1/cc1 -quiet -v -imultilib armv7e-m -iprefix /home/sermountain/gcc-arm-none-eabi-5_4-2016q3/bin/../lib/gcc/arm-none-eabi/5.4.1/ -isysroot /home/sermountain/gcc-arm-none-eabi-5_4-2016q3/bin/../arm-none-eabi -D__USES_INITFINI__ /snap/cmake/252/share/cmake-3.16/Modules/CMakeCCompilerABI.c -quiet -dumpbase CMakeCCompilerABI.c -mcpu=cortex-m4 -mthumb -mthumb-interwork -auxbase-strip CMakeFiles/cmTC_6eae6.dir/CMakeCCompilerABI.c.obj -g -std=gnu99 -version -ffunction-sections -fdata-sections -fno-common -fmessage-length=0 -o /tmp/cc2albNP.s]
  ignore line: [GNU C99 (GNU Tools for ARM Embedded Processors) version 5.4.1 20160919 (release) [ARM/embedded-5-branch revision 240496] (arm-none-eabi)]
  ignore line: [	compiled by GNU C version 4.7.4  GMP version 4.3.2  MPFR version 2.4.2  MPC version 0.8.1]
  ignore line: [GGC heuristics: --param ggc-min-expand=100 --param ggc-min-heapsize=131072]
  ignore line: [ignoring duplicate directory "/home/sermountain/gcc-arm-none-eabi-5_4-2016q3/bin/../lib/gcc/../../lib/gcc/arm-none-eabi/5.4.1/include"]
  ignore line: [ignoring nonexistent directory "/home/sermountain/gcc-arm-none-eabi-5_4-2016q3/bin/../arm-none-eabi/usr/local/include"]
  ignore line: [ignoring duplicate directory "/home/sermountain/gcc-arm-none-eabi-5_4-2016q3/bin/../lib/gcc/../../lib/gcc/arm-none-eabi/5.4.1/include-fixed"]
  ignore line: [ignoring duplicate directory "/home/sermountain/gcc-arm-none-eabi-5_4-2016q3/bin/../lib/gcc/../../lib/gcc/arm-none-eabi/5.4.1/../../../../arm-none-eabi/include"]
  ignore line: [ignoring nonexistent directory "/home/sermountain/gcc-arm-none-eabi-5_4-2016q3/bin/../arm-none-eabi/usr/include"]
  ignore line: [#include "..." search starts here:]
  ignore line: [#include <...> search starts here:]
  ignore line: [ /home/sermountain/gcc-arm-none-eabi-5_4-2016q3/bin/../lib/gcc/arm-none-eabi/5.4.1/include]
  ignore line: [ /home/sermountain/gcc-arm-none-eabi-5_4-2016q3/bin/../lib/gcc/arm-none-eabi/5.4.1/include-fixed]
  ignore line: [ /home/sermountain/gcc-arm-none-eabi-5_4-2016q3/bin/../lib/gcc/arm-none-eabi/5.4.1/../../../../arm-none-eabi/include]
  ignore line: [End of search list.]
  ignore line: [GNU C99 (GNU Tools for ARM Embedded Processors) version 5.4.1 20160919 (release) [ARM/embedded-5-branch revision 240496] (arm-none-eabi)]
  ignore line: [	compiled by GNU C version 4.7.4  GMP version 4.3.2  MPFR version 2.4.2  MPC version 0.8.1]
  ignore line: [GGC heuristics: --param ggc-min-expand=100 --param ggc-min-heapsize=131072]
  ignore line: [Compiler executable checksum: e6f57ade56989a528a7c5d2954d683cd]
  ignore line: [COLLECT_GCC_OPTIONS='-mcpu=cortex-m4' '-mthumb' '-mthumb-interwork' '-ffunction-sections' '-fdata-sections' '-g' '-fno-common' '-fmessage-length=0' '-std=gnu99' '-v' '-o' 'CMakeFiles/cmTC_6eae6.dir/CMakeCCompilerABI.c.obj' '-c']
  ignore line: [ /home/sermountain/gcc-arm-none-eabi-5_4-2016q3/bin/../lib/gcc/arm-none-eabi/5.4.1/../../../../arm-none-eabi/bin/as -v -mcpu=cortex-m4 -mthumb-interwork -meabi=5 -o CMakeFiles/cmTC_6eae6.dir/CMakeCCompilerABI.c.obj /tmp/cc2albNP.s]
  ignore line: [GNU assembler version 2.26.2 (arm-none-eabi) using BFD version (GNU Tools for ARM Embedded Processors) 2.26.2.20160923]
  ignore line: [COMPILER_PATH=/home/sermountain/gcc-arm-none-eabi-5_4-2016q3/bin/../lib/gcc/arm-none-eabi/5.4.1/:/home/sermountain/gcc-arm-none-eabi-5_4-2016q3/bin/../lib/gcc/:/home/sermountain/gcc-arm-none-eabi-5_4-2016q3/bin/../lib/gcc/arm-none-eabi/5.4.1/../../../../arm-none-eabi/bin/]
  ignore line: [LIBRARY_PATH=/home/sermountain/gcc-arm-none-eabi-5_4-2016q3/bin/../lib/gcc/arm-none-eabi/5.4.1/armv7e-m/:/home/sermountain/gcc-arm-none-eabi-5_4-2016q3/bin/../lib/gcc/arm-none-eabi/5.4.1/../../../../arm-none-eabi/lib/armv7e-m/:/home/sermountain/gcc-arm-none-eabi-5_4-2016q3/bin/../arm-none-eabi/lib/armv7e-m/:/home/sermountain/gcc-arm-none-eabi-5_4-2016q3/bin/../lib/gcc/arm-none-eabi/5.4.1/:/home/sermountain/gcc-arm-none-eabi-5_4-2016q3/bin/../lib/gcc/:/home/sermountain/gcc-arm-none-eabi-5_4-2016q3/bin/../lib/gcc/arm-none-eabi/5.4.1/../../../../arm-none-eabi/lib/:/home/sermountain/gcc-arm-none-eabi-5_4-2016q3/bin/../arm-none-eabi/lib/]
  ignore line: [COLLECT_GCC_OPTIONS='-mcpu=cortex-m4' '-mthumb' '-mthumb-interwork' '-ffunction-sections' '-fdata-sections' '-g' '-fno-common' '-fmessage-length=0' '-std=gnu99' '-v' '-o' 'CMakeFiles/cmTC_6eae6.dir/CMakeCCompilerABI.c.obj' '-c']
  ignore line: [Linking C static library libcmTC_6eae6.a]
  ignore line: [/snap/cmake/252/bin/cmake -P CMakeFiles/cmTC_6eae6.dir/cmake_clean_target.cmake]
  ignore line: [/snap/cmake/252/bin/cmake -E cmake_link_script CMakeFiles/cmTC_6eae6.dir/link.txt --verbose=1]
  ignore line: [arm-none-eabi-ar qc libcmTC_6eae6.a  CMakeFiles/cmTC_6eae6.dir/CMakeCCompilerABI.c.obj]
  ignore line: [/home/sermountain/gcc-arm-none-eabi-5_4-2016q3/bin/arm-none-eabi-ranlib libcmTC_6eae6.a]
  ignore line: [make[1]: Leaving directory '/home/sermountain/src/xlgyro/build/CMakeFiles/CMakeTmp']
  ignore line: []
  ignore line: []
  implicit libs: []
  implicit dirs: []
  implicit fwks: []


Detecting CXX compiler ABI info compiled with the following output:
Change Dir: /home/sermountain/src/xlgyro/build/CMakeFiles/CMakeTmp

Run Build Command(s):/usr/bin/make cmTC_88870/fast && /usr/bin/make -f CMakeFiles/cmTC_88870.dir/build.make CMakeFiles/cmTC_88870.dir/build
make[1]: Entering directory '/home/sermountain/src/xlgyro/build/CMakeFiles/CMakeTmp'
Building CXX object CMakeFiles/cmTC_88870.dir/CMakeCXXCompilerABI.cpp.obj
/home/sermountain/gcc-arm-none-eabi-5_4-2016q3/bin/arm-none-eabi-g++    -mcpu=cortex-m4  -mthumb -mthumb-interwork -ffunction-sections -fdata-sections     -g -fno-common -fmessage-length=0  -std=c++11    -v -o CMakeFiles/cmTC_88870.dir/CMakeCXXCompilerABI.cpp.obj -c /snap/cmake/252/share/cmake-3.16/Modules/CMakeCXXCompilerABI.cpp
Using built-in specs.
COLLECT_GCC=/home/sermountain/gcc-arm-none-eabi-5_4-2016q3/bin/arm-none-eabi-g++
Target: arm-none-eabi
Configured with: /home/build/work/GCC-5-build/src/gcc/configure --target=arm-none-eabi --prefix=/home/build/work/GCC-5-build/install-native --libexecdir=/home/build/work/GCC-5-build/install-native/lib --infodir=/home/build/work/GCC-5-build/install-native/share/doc/gcc-arm-none-eabi/info --mandir=/home/build/work/GCC-5-build/install-native/share/doc/gcc-arm-none-eabi/man --htmldir=/home/build/work/GCC-5-build/install-native/share/doc/gcc-arm-none-eabi/html --pdfdir=/home/build/work/GCC-5-build/install-native/share/doc/gcc-arm-none-eabi/pdf --enable-languages=c,c++ --enable-plugins --disable-decimal-float --disable-libffi --disable-libgomp --disable-libmudflap --disable-libquadmath --disable-libssp --disable-libstdcxx-pch --disable-nls --disable-shared --disable-threads --disable-tls --with-gnu-as --with-gnu-ld --with-newlib --with-headers=yes --with-python-dir=share/gcc-arm-none-eabi --with-sysroot=/home/build/work/GCC-5-build/install-native/arm-none-eabi --build=i686-linux-gnu --host=i686-linux-gnu --with-gmp=/home/build/work/GCC-5-build/build-native/host-libs/usr --with-mpfr=/home/build/work/GCC-5-build/build-native/host-libs/usr --with-mpc=/home/build/work/GCC-5-build/build-native/host-libs/usr --with-isl=/home/build/work/GCC-5-build/build-native/host-libs/usr --with-cloog=/home/build/work/GCC-5-build/build-native/host-libs/usr --with-libelf=/home/build/work/GCC-5-build/build-native/host-libs/usr --with-host-libstdcxx='-static-libgcc -Wl,-Bstatic,-lstdc++,-Bdynamic -lm' --with-pkgversion='GNU Tools for ARM Embedded Processors' --with-multilib-list=armv6-m,armv7-m,armv7e-m,armv7-r,armv8-m.base,armv8-m.main
Thread model: single
gcc version 5.4.1 20160919 (release) [ARM/embedded-5-branch revision 240496] (GNU Tools for ARM Embedded Processors) 
COLLECT_GCC_OPTIONS='-mcpu=cortex-m4' '-mthumb' '-mthumb-interwork' '-ffunction-sections' '-fdata-sections' '-g' '-fno-common' '-fmessage-length=0' '-std=c++11' '-v' '-o' 'CMakeFiles/cmTC_88870.dir/CMakeCXXCompilerABI.cpp.obj' '-c'
 /home/sermountain/gcc-arm-none-eabi-5_4-2016q3/bin/../lib/gcc/arm-none-eabi/5.4.1/cc1plus -quiet -v -imultilib armv7e-m -iprefix /home/sermountain/gcc-arm-none-eabi-5_4-2016q3/bin/../lib/gcc/arm-none-eabi/5.4.1/ -isysroot /home/sermountain/gcc-arm-none-eabi-5_4-2016q3/bin/../arm-none-eabi -D__USES_INITFINI__ /snap/cmake/252/share/cmake-3.16/Modules/CMakeCXXCompilerABI.cpp -quiet -dumpbase CMakeCXXCompilerABI.cpp -mcpu=cortex-m4 -mthumb -mthumb-interwork -auxbase-strip CMakeFiles/cmTC_88870.dir/CMakeCXXCompilerABI.cpp.obj -g -std=c++11 -version -ffunction-sections -fdata-sections -fno-common -fmessage-length=0 -o /tmp/cchJCnPU.s
GNU C++11 (GNU Tools for ARM Embedded Processors) version 5.4.1 20160919 (release) [ARM/embedded-5-branch revision 240496] (arm-none-eabi)
	compiled by GNU C version 4.7.4, GMP version 4.3.2, MPFR version 2.4.2, MPC version 0.8.1
GGC heuristics: --param ggc-min-expand=100 --param ggc-min-heapsize=131072
ignoring duplicate directory "/home/sermountain/gcc-arm-none-eabi-5_4-2016q3/bin/../lib/gcc/../../lib/gcc/arm-none-eabi/5.4.1/../../../../arm-none-eabi/include/c++/5.4.1"
ignoring duplicate directory "/home/sermountain/gcc-arm-none-eabi-5_4-2016q3/bin/../lib/gcc/../../lib/gcc/arm-none-eabi/5.4.1/../../../../arm-none-eabi/include/c++/5.4.1/arm-none-eabi/armv7e-m"
ignoring duplicate directory "/home/sermountain/gcc-arm-none-eabi-5_4-2016q3/bin/../lib/gcc/../../lib/gcc/arm-none-eabi/5.4.1/../../../../arm-none-eabi/include/c++/5.4.1/backward"
ignoring duplicate directory "/home/sermountain/gcc-arm-none-eabi-5_4-2016q3/bin/../lib/gcc/../../lib/gcc/arm-none-eabi/5.4.1/include"
ignoring nonexistent directory "/home/sermountain/gcc-arm-none-eabi-5_4-2016q3/bin/../arm-none-eabi/usr/local/include"
ignoring duplicate directory "/home/sermountain/gcc-arm-none-eabi-5_4-2016q3/bin/../lib/gcc/../../lib/gcc/arm-none-eabi/5.4.1/include-fixed"
ignoring duplicate directory "/home/sermountain/gcc-arm-none-eabi-5_4-2016q3/bin/../lib/gcc/../../lib/gcc/arm-none-eabi/5.4.1/../../../../arm-none-eabi/include"
ignoring nonexistent directory "/home/sermountain/gcc-arm-none-eabi-5_4-2016q3/bin/../arm-none-eabi/usr/include"
#include "..." search starts here:
#include <...> search starts here:
 /home/sermountain/gcc-arm-none-eabi-5_4-2016q3/bin/../lib/gcc/arm-none-eabi/5.4.1/../../../../arm-none-eabi/include/c++/5.4.1
 /home/sermountain/gcc-arm-none-eabi-5_4-2016q3/bin/../lib/gcc/arm-none-eabi/5.4.1/../../../../arm-none-eabi/include/c++/5.4.1/arm-none-eabi/armv7e-m
 /home/sermountain/gcc-arm-none-eabi-5_4-2016q3/bin/../lib/gcc/arm-none-eabi/5.4.1/../../../../arm-none-eabi/include/c++/5.4.1/backward
 /home/sermountain/gcc-arm-none-eabi-5_4-2016q3/bin/../lib/gcc/arm-none-eabi/5.4.1/include
 /home/sermountain/gcc-arm-none-eabi-5_4-2016q3/bin/../lib/gcc/arm-none-eabi/5.4.1/include-fixed
 /home/sermountain/gcc-arm-none-eabi-5_4-2016q3/bin/../lib/gcc/arm-none-eabi/5.4.1/../../../../arm-none-eabi/include
End of search list.
GNU C++11 (GNU Tools for ARM Embedded Processors) version 5.4.1 20160919 (release) [ARM/embedded-5-branch revision 240496] (arm-none-eabi)
	compiled by GNU C version 4.7.4, GMP version 4.3.2, MPFR version 2.4.2, MPC version 0.8.1
GGC heuristics: --param ggc-min-expand=100 --param ggc-min-heapsize=131072
Compiler executable checksum: 239e9f4bd8bc3ff11d631487a5c1ac7c
COLLECT_GCC_OPTIONS='-mcpu=cortex-m4' '-mthumb' '-mthumb-interwork' '-ffunction-sections' '-fdata-sections' '-g' '-fno-common' '-fmessage-length=0' '-std=c++11' '-v' '-o' 'CMakeFiles/cmTC_88870.dir/CMakeCXXCompilerABI.cpp.obj' '-c'
 /home/sermountain/gcc-arm-none-eabi-5_4-2016q3/bin/../lib/gcc/arm-none-eabi/5.4.1/../../../../arm-none-eabi/bin/as -v -mcpu=cortex-m4 -mthumb-interwork -meabi=5 -o CMakeFiles/cmTC_88870.dir/CMakeCXXCompilerABI.cpp.obj /tmp/cchJCnPU.s
GNU assembler version 2.26.2 (arm-none-eabi) using BFD version (GNU Tools for ARM Embedded Processors) 2.26.2.20160923
COMPILER_PATH=/home/sermountain/gcc-arm-none-eabi-5_4-2016q3/bin/../lib/gcc/arm-none-eabi/5.4.1/:/home/sermountain/gcc-arm-none-eabi-5_4-2016q3/bin/../lib/gcc/:/home/sermountain/gcc-arm-none-eabi-5_4-2016q3/bin/../lib/gcc/arm-none-eabi/5.4.1/../../../../arm-none-eabi/bin/
LIBRARY_PATH=/home/sermountain/gcc-arm-none-eabi-5_4-2016q3/bin/../lib/gcc/arm-none-eabi/5.4.1/armv7e-m/:/home/sermountain/gcc-arm-none-eabi-5_4-2016q3/bin/../lib/gcc/arm-none-eabi/5.4.1/../../../../arm-none-eabi/lib/armv7e-m/:/home/sermountain/gcc-arm-none-eabi-5_4-2016q3/bin/../arm-none-eabi/lib/armv7e-m/:/home/sermountain/gcc-arm-none-eabi-5_4-2016q3/bin/../lib/gcc/arm-none-eabi/5.4.1/:/home/sermountain/gcc-arm-none-eabi-5_4-2016q3/bin/../lib/gcc/:/home/sermountain/gcc-arm-none-eabi-5_4-2016q3/bin/../lib/gcc/arm-none-eabi/5.4.1/../../../../arm-none-eabi/lib/:/home/sermountain/gcc-arm-none-eabi-5_4-2016q3/bin/../arm-none-eabi/lib/
COLLECT_GCC_OPTIONS='-mcpu=cortex-m4' '-mthumb' '-mthumb-interwork' '-ffunction-sections' '-fdata-sections' '-g' '-fno-common' '-fmessage-length=0' '-std=c++11' '-v' '-o' 'CMakeFiles/cmTC_88870.dir/CMakeCXXCompilerABI.cpp.obj' '-c'
Linking CXX static library libcmTC_88870.a
/snap/cmake/252/bin/cmake -P CMakeFiles/cmTC_88870.dir/cmake_clean_target.cmake
/snap/cmake/252/bin/cmake -E cmake_link_script CMakeFiles/cmTC_88870.dir/link.txt --verbose=1
arm-none-eabi-ar qc libcmTC_88870.a  CMakeFiles/cmTC_88870.dir/CMakeCXXCompilerABI.cpp.obj
/home/sermountain/gcc-arm-none-eabi-5_4-2016q3/bin/arm-none-eabi-ranlib libcmTC_88870.a
make[1]: Leaving directory '/home/sermountain/src/xlgyro/build/CMakeFiles/CMakeTmp'



Parsed CXX implicit include dir info from above output: rv=done
  found start of include info
  found start of implicit include info
    add: [/home/sermountain/gcc-arm-none-eabi-5_4-2016q3/bin/../lib/gcc/arm-none-eabi/5.4.1/../../../../arm-none-eabi/include/c++/5.4.1]
    add: [/home/sermountain/gcc-arm-none-eabi-5_4-2016q3/bin/../lib/gcc/arm-none-eabi/5.4.1/../../../../arm-none-eabi/include/c++/5.4.1/arm-none-eabi/armv7e-m]
    add: [/home/sermountain/gcc-arm-none-eabi-5_4-2016q3/bin/../lib/gcc/arm-none-eabi/5.4.1/../../../../arm-none-eabi/include/c++/5.4.1/backward]
    add: [/home/sermountain/gcc-arm-none-eabi-5_4-2016q3/bin/../lib/gcc/arm-none-eabi/5.4.1/include]
    add: [/home/sermountain/gcc-arm-none-eabi-5_4-2016q3/bin/../lib/gcc/arm-none-eabi/5.4.1/include-fixed]
    add: [/home/sermountain/gcc-arm-none-eabi-5_4-2016q3/bin/../lib/gcc/arm-none-eabi/5.4.1/../../../../arm-none-eabi/include]
  end of search list found
  collapse include dir [/home/sermountain/gcc-arm-none-eabi-5_4-2016q3/bin/../lib/gcc/arm-none-eabi/5.4.1/../../../../arm-none-eabi/include/c++/5.4.1] ==> [/home/sermountain/gcc-arm-none-eabi-5_4-2016q3/arm-none-eabi/include/c++/5.4.1]
  collapse include dir [/home/sermountain/gcc-arm-none-eabi-5_4-2016q3/bin/../lib/gcc/arm-none-eabi/5.4.1/../../../../arm-none-eabi/include/c++/5.4.1/arm-none-eabi/armv7e-m] ==> [/home/sermountain/gcc-arm-none-eabi-5_4-2016q3/arm-none-eabi/include/c++/5.4.1/arm-none-eabi/armv7e-m]
  collapse include dir [/home/sermountain/gcc-arm-none-eabi-5_4-2016q3/bin/../lib/gcc/arm-none-eabi/5.4.1/../../../../arm-none-eabi/include/c++/5.4.1/backward] ==> [/home/sermountain/gcc-arm-none-eabi-5_4-2016q3/arm-none-eabi/include/c++/5.4.1/backward]
  collapse include dir [/home/sermountain/gcc-arm-none-eabi-5_4-2016q3/bin/../lib/gcc/arm-none-eabi/5.4.1/include] ==> [/home/sermountain/gcc-arm-none-eabi-5_4-2016q3/lib/gcc/arm-none-eabi/5.4.1/include]
  collapse include dir [/home/sermountain/gcc-arm-none-eabi-5_4-2016q3/bin/../lib/gcc/arm-none-eabi/5.4.1/include-fixed] ==> [/home/sermountain/gcc-arm-none-eabi-5_4-2016q3/lib/gcc/arm-none-eabi/5.4.1/include-fixed]
  collapse include dir [/home/sermountain/gcc-arm-none-eabi-5_4-2016q3/bin/../lib/gcc/arm-none-eabi/5.4.1/../../../../arm-none-eabi/include] ==> [/home/sermountain/gcc-arm-none-eabi-5_4-2016q3/arm-none-eabi/include]
  implicit include dirs: [/home/sermountain/gcc-arm-none-eabi-5_4-2016q3/arm-none-eabi/include/c++/5.4.1;/home/sermountain/gcc-arm-none-eabi-5_4-2016q3/arm-none-eabi/include/c++/5.4.1/arm-none-eabi/armv7e-m;/home/sermountain/gcc-arm-none-eabi-5_4-2016q3/arm-none-eabi/include/c++/5.4.1/backward;/home/sermountain/gcc-arm-none-eabi-5_4-2016q3/lib/gcc/arm-none-eabi/5.4.1/include;/home/sermountain/gcc-arm-none-eabi-5_4-2016q3/lib/gcc/arm-none-eabi/5.4.1/include-fixed;/home/sermountain/gcc-arm-none-eabi-5_4-2016q3/arm-none-eabi/include]


Parsed CXX implicit link information from above output:
  link line regex: [^( *|.*[/\])(arm-none-eabi-ld|CMAKE_LINK_STARTFILE-NOTFOUND|([^/\]+-)?ld|collect2)[^/\]*( |$)]
  ignore line: [Change Dir: /home/sermountain/src/xlgyro/build/CMakeFiles/CMakeTmp]
  ignore line: []
  ignore line: [Run Build Command(s):/usr/bin/make cmTC_88870/fast && /usr/bin/make -f CMakeFiles/cmTC_88870.dir/build.make CMakeFiles/cmTC_88870.dir/build]
  ignore line: [make[1]: Entering directory '/home/sermountain/src/xlgyro/build/CMakeFiles/CMakeTmp']
  ignore line: [Building CXX object CMakeFiles/cmTC_88870.dir/CMakeCXXCompilerABI.cpp.obj]
  ignore line: [/home/sermountain/gcc-arm-none-eabi-5_4-2016q3/bin/arm-none-eabi-g++    -mcpu=cortex-m4  -mthumb -mthumb-interwork -ffunction-sections -fdata-sections     -g -fno-common -fmessage-length=0  -std=c++11    -v -o CMakeFiles/cmTC_88870.dir/CMakeCXXCompilerABI.cpp.obj -c /snap/cmake/252/share/cmake-3.16/Modules/CMakeCXXCompilerABI.cpp]
  ignore line: [Using built-in specs.]
  ignore line: [COLLECT_GCC=/home/sermountain/gcc-arm-none-eabi-5_4-2016q3/bin/arm-none-eabi-g++]
  ignore line: [Target: arm-none-eabi]
  ignore line: [Configured with: /home/build/work/GCC-5-build/src/gcc/configure --target=arm-none-eabi --prefix=/home/build/work/GCC-5-build/install-native --libexecdir=/home/build/work/GCC-5-build/install-native/lib --infodir=/home/build/work/GCC-5-build/install-native/share/doc/gcc-arm-none-eabi/info --mandir=/home/build/work/GCC-5-build/install-native/share/doc/gcc-arm-none-eabi/man --htmldir=/home/build/work/GCC-5-build/install-native/share/doc/gcc-arm-none-eabi/html --pdfdir=/home/build/work/GCC-5-build/install-native/share/doc/gcc-arm-none-eabi/pdf --enable-languages=c,c++ --enable-plugins --disable-decimal-float --disable-libffi --disable-libgomp --disable-libmudflap --disable-libquadmath --disable-libssp --disable-libstdcxx-pch --disable-nls --disable-shared --disable-threads --disable-tls --with-gnu-as --with-gnu-ld --with-newlib --with-headers=yes --with-python-dir=share/gcc-arm-none-eabi --with-sysroot=/home/build/work/GCC-5-build/install-native/arm-none-eabi --build=i686-linux-gnu --host=i686-linux-gnu --with-gmp=/home/build/work/GCC-5-build/build-native/host-libs/usr --with-mpfr=/home/build/work/GCC-5-build/build-native/host-libs/usr --with-mpc=/home/build/work/GCC-5-build/build-native/host-libs/usr --with-isl=/home/build/work/GCC-5-build/build-native/host-libs/usr --with-cloog=/home/build/work/GCC-5-build/build-native/host-libs/usr --with-libelf=/home/build/work/GCC-5-build/build-native/host-libs/usr --with-host-libstdcxx='-static-libgcc -Wl,-Bstatic,-lstdc++,-Bdynamic -lm' --with-pkgversion='GNU Tools for ARM Embedded Processors' --with-multilib-list=armv6-m,armv7-m,armv7e-m,armv7-r,armv8-m.base,armv8-m.main]
  ignore line: [Thread model: single]
  ignore line: [gcc version 5.4.1 20160919 (release) [ARM/embedded-5-branch revision 240496] (GNU Tools for ARM Embedded Processors) ]
  ignore line: [COLLECT_GCC_OPTIONS='-mcpu=cortex-m4' '-mthumb' '-mthumb-interwork' '-ffunction-sections' '-fdata-sections' '-g' '-fno-common' '-fmessage-length=0' '-std=c++11' '-v' '-o' 'CMakeFiles/cmTC_88870.dir/CMakeCXXCompilerABI.cpp.obj' '-c']
  ignore line: [ /home/sermountain/gcc-arm-none-eabi-5_4-2016q3/bin/../lib/gcc/arm-none-eabi/5.4.1/cc1plus -quiet -v -imultilib armv7e-m -iprefix /home/sermountain/gcc-arm-none-eabi-5_4-2016q3/bin/../lib/gcc/arm-none-eabi/5.4.1/ -isysroot /home/sermountain/gcc-arm-none-eabi-5_4-2016q3/bin/../arm-none-eabi -D__USES_INITFINI__ /snap/cmake/252/share/cmake-3.16/Modules/CMakeCXXCompilerABI.cpp -quiet -dumpbase CMakeCXXCompilerABI.cpp -mcpu=cortex-m4 -mthumb -mthumb-interwork -auxbase-strip CMakeFiles/cmTC_88870.dir/CMakeCXXCompilerABI.cpp.obj -g -std=c++11 -version -ffunction-sections -fdata-sections -fno-common -fmessage-length=0 -o /tmp/cchJCnPU.s]
  ignore line: [GNU C++11 (GNU Tools for ARM Embedded Processors) version 5.4.1 20160919 (release) [ARM/embedded-5-branch revision 240496] (arm-none-eabi)]
  ignore line: [	compiled by GNU C version 4.7.4  GMP version 4.3.2  MPFR version 2.4.2  MPC version 0.8.1]
  ignore line: [GGC heuristics: --param ggc-min-expand=100 --param ggc-min-heapsize=131072]
  ignore line: [ignoring duplicate directory "/home/sermountain/gcc-arm-none-eabi-5_4-2016q3/bin/../lib/gcc/../../lib/gcc/arm-none-eabi/5.4.1/../../../../arm-none-eabi/include/c++/5.4.1"]
  ignore line: [ignoring duplicate directory "/home/sermountain/gcc-arm-none-eabi-5_4-2016q3/bin/../lib/gcc/../../lib/gcc/arm-none-eabi/5.4.1/../../../../arm-none-eabi/include/c++/5.4.1/arm-none-eabi/armv7e-m"]
  ignore line: [ignoring duplicate directory "/home/sermountain/gcc-arm-none-eabi-5_4-2016q3/bin/../lib/gcc/../../lib/gcc/arm-none-eabi/5.4.1/../../../../arm-none-eabi/include/c++/5.4.1/backward"]
  ignore line: [ignoring duplicate directory "/home/sermountain/gcc-arm-none-eabi-5_4-2016q3/bin/../lib/gcc/../../lib/gcc/arm-none-eabi/5.4.1/include"]
  ignore line: [ignoring nonexistent directory "/home/sermountain/gcc-arm-none-eabi-5_4-2016q3/bin/../arm-none-eabi/usr/local/include"]
  ignore line: [ignoring duplicate directory "/home/sermountain/gcc-arm-none-eabi-5_4-2016q3/bin/../lib/gcc/../../lib/gcc/arm-none-eabi/5.4.1/include-fixed"]
  ignore line: [ignoring duplicate directory "/home/sermountain/gcc-arm-none-eabi-5_4-2016q3/bin/../lib/gcc/../../lib/gcc/arm-none-eabi/5.4.1/../../../../arm-none-eabi/include"]
  ignore line: [ignoring nonexistent directory "/home/sermountain/gcc-arm-none-eabi-5_4-2016q3/bin/../arm-none-eabi/usr/include"]
  ignore line: [#include "..." search starts here:]
  ignore line: [#include <...> search starts here:]
  ignore line: [ /home/sermountain/gcc-arm-none-eabi-5_4-2016q3/bin/../lib/gcc/arm-none-eabi/5.4.1/../../../../arm-none-eabi/include/c++/5.4.1]
  ignore line: [ /home/sermountain/gcc-arm-none-eabi-5_4-2016q3/bin/../lib/gcc/arm-none-eabi/5.4.1/../../../../arm-none-eabi/include/c++/5.4.1/arm-none-eabi/armv7e-m]
  ignore line: [ /home/sermountain/gcc-arm-none-eabi-5_4-2016q3/bin/../lib/gcc/arm-none-eabi/5.4.1/../../../../arm-none-eabi/include/c++/5.4.1/backward]
  ignore line: [ /home/sermountain/gcc-arm-none-eabi-5_4-2016q3/bin/../lib/gcc/arm-none-eabi/5.4.1/include]
  ignore line: [ /home/sermountain/gcc-arm-none-eabi-5_4-2016q3/bin/../lib/gcc/arm-none-eabi/5.4.1/include-fixed]
  ignore line: [ /home/sermountain/gcc-arm-none-eabi-5_4-2016q3/bin/../lib/gcc/arm-none-eabi/5.4.1/../../../../arm-none-eabi/include]
  ignore line: [End of search list.]
  ignore line: [GNU C++11 (GNU Tools for ARM Embedded Processors) version 5.4.1 20160919 (release) [ARM/embedded-5-branch revision 240496] (arm-none-eabi)]
  ignore line: [	compiled by GNU C version 4.7.4  GMP version 4.3.2  MPFR version 2.4.2  MPC version 0.8.1]
  ignore line: [GGC heuristics: --param ggc-min-expand=100 --param ggc-min-heapsize=131072]
  ignore line: [Compiler executable checksum: 239e9f4bd8bc3ff11d631487a5c1ac7c]
  ignore line: [COLLECT_GCC_OPTIONS='-mcpu=cortex-m4' '-mthumb' '-mthumb-interwork' '-ffunction-sections' '-fdata-sections' '-g' '-fno-common' '-fmessage-length=0' '-std=c++11' '-v' '-o' 'CMakeFiles/cmTC_88870.dir/CMakeCXXCompilerABI.cpp.obj' '-c']
  ignore line: [ /home/sermountain/gcc-arm-none-eabi-5_4-2016q3/bin/../lib/gcc/arm-none-eabi/5.4.1/../../../../arm-none-eabi/bin/as -v -mcpu=cortex-m4 -mthumb-interwork -meabi=5 -o CMakeFiles/cmTC_88870.dir/CMakeCXXCompilerABI.cpp.obj /tmp/cchJCnPU.s]
  ignore line: [GNU assembler version 2.26.2 (arm-none-eabi) using BFD version (GNU Tools for ARM Embedded Processors) 2.26.2.20160923]
  ignore line: [COMPILER_PATH=/home/sermountain/gcc-arm-none-eabi-5_4-2016q3/bin/../lib/gcc/arm-none-eabi/5.4.1/:/home/sermountain/gcc-arm-none-eabi-5_4-2016q3/bin/../lib/gcc/:/home/sermountain/gcc-arm-none-eabi-5_4-2016q3/bin/../lib/gcc/arm-none-eabi/5.4.1/../../../../arm-none-eabi/bin/]
  ignore line: [LIBRARY_PATH=/home/sermountain/gcc-arm-none-eabi-5_4-2016q3/bin/../lib/gcc/arm-none-eabi/5.4.1/armv7e-m/:/home/sermountain/gcc-arm-none-eabi-5_4-2016q3/bin/../lib/gcc/arm-none-eabi/5.4.1/../../../../arm-none-eabi/lib/armv7e-m/:/home/sermountain/gcc-arm-none-eabi-5_4-2016q3/bin/../arm-none-eabi/lib/armv7e-m/:/home/sermountain/gcc-arm-none-eabi-5_4-2016q3/bin/../lib/gcc/arm-none-eabi/5.4.1/:/home/sermountain/gcc-arm-none-eabi-5_4-2016q3/bin/../lib/gcc/:/home/sermountain/gcc-arm-none-eabi-5_4-2016q3/bin/../lib/gcc/arm-none-eabi/5.4.1/../../../../arm-none-eabi/lib/:/home/sermountain/gcc-arm-none-eabi-5_4-2016q3/bin/../arm-none-eabi/lib/]
  ignore line: [COLLECT_GCC_OPTIONS='-mcpu=cortex-m4' '-mthumb' '-mthumb-interwork' '-ffunction-sections' '-fdata-sections' '-g' '-fno-common' '-fmessage-length=0' '-std=c++11' '-v' '-o' 'CMakeFiles/cmTC_88870.dir/CMakeCXXCompilerABI.cpp.obj' '-c']
  ignore line: [Linking CXX static library libcmTC_88870.a]
  ignore line: [/snap/cmake/252/bin/cmake -P CMakeFiles/cmTC_88870.dir/cmake_clean_target.cmake]
  ignore line: [/snap/cmake/252/bin/cmake -E cmake_link_script CMakeFiles/cmTC_88870.dir/link.txt --verbose=1]
  ignore line: [arm-none-eabi-ar qc libcmTC_88870.a  CMakeFiles/cmTC_88870.dir/CMakeCXXCompilerABI.cpp.obj]
  ignore line: [/home/sermountain/gcc-arm-none-eabi-5_4-2016q3/bin/arm-none-eabi-ranlib libcmTC_88870.a]
  ignore line: [make[1]: Leaving directory '/home/sermountain/src/xlgyro/build/CMakeFiles/CMakeTmp']
  ignore line: []
  ignore line: []
  implicit libs: []
  implicit dirs: []
  implicit fwks: []


